<?xml version="1.0" encoding="UTF-8"?>
<!-- Generated by org.testng.reporters.JUnitReportReporter -->
<testsuite hostname="Hakans-MacBook-Air.local" name="com.qa.verizon.tests.SmartphonesPageTest" tests="2" failures="0" timestamp="20 Jul 2020 18:39:02 GMT" time="16.336" errors="0">
  <testcase name="clickPageTest" time="3.113" classname="com.qa.verizon.tests.SmartphonesPageTest"/>
  <testcase name="getTitleTest" time="13.223" classname="com.qa.verizon.tests.SmartphonesPageTest"/>
</testsuite> <!-- com.qa.verizon.tests.SmartphonesPageTest -->
