<?xml version="1.0" encoding="UTF-8"?>
<!-- Generated by org.testng.reporters.JUnitReportReporter -->
<testsuite hostname="Hakans-MacBook-Air.local" name="com.qa.verizon.tests.HomePageTest" tests="2" failures="0" timestamp="20 Jul 2020 18:34:09 GMT" time="9.877" errors="0">
  <testcase name="verifyHomePageTitle" time="6.163" classname="com.qa.verizon.tests.HomePageTest"/>
  <testcase name="clickTest" time="3.714" classname="com.qa.verizon.tests.HomePageTest"/>
</testsuite> <!-- com.qa.verizon.tests.HomePageTest -->
